Using pre-set license
Built from '6000.0/release' branch; Version is '6000.0.45f1 (d91bd3d4e081) revision 14228435'; Using compiler version '193933523'; Build Type 'Release'
OS: 'Windows 11  (10.0.26100) 64bit Core' Language: 'fr' Physical Memory: 32507 MB
BatchMode: 1, IsHumanControllingUs: 0, StartBugReporterOnCrash: 0, Is64bit: 1, IsPro: 1

COMMAND LINE ARGUMENTS:
C:\Program Files\Unity\Hub\Editor\6000.0.45f1\Editor\Unity.exe
-adb2
-batchMode
-noUpm
-name
AssetImportWorker2
-projectPath
C:/Users/melin/Desktop/Github/Juiciness/JuiceUp
-logFile
Logs/AssetImportWorker2.log
-srvPort
50658
-job-worker-count
11
-background-job-worker-count
8
-gc-helper-count
1
Successfully changed project path to: C:/Users/melin/Desktop/Github/Juiciness/JuiceUp
C:/Users/melin/Desktop/Github/Juiciness/JuiceUp
[UnityMemory] Configuration Parameters - Can be set up in boot.config
    "memorysetup-bucket-allocator-granularity=16"
    "memorysetup-bucket-allocator-bucket-count=8"
    "memorysetup-bucket-allocator-block-size=33554432"
    "memorysetup-bucket-allocator-block-count=8"
    "memorysetup-main-allocator-block-size=16777216"
    "memorysetup-thread-allocator-block-size=16777216"
    "memorysetup-gfx-main-allocator-block-size=16777216"
    "memorysetup-gfx-thread-allocator-block-size=16777216"
    "memorysetup-cache-allocator-block-size=4194304"
    "memorysetup-typetree-allocator-block-size=2097152"
    "memorysetup-profiler-bucket-allocator-granularity=16"
    "memorysetup-profiler-bucket-allocator-bucket-count=8"
    "memorysetup-profiler-bucket-allocator-block-size=33554432"
    "memorysetup-profiler-bucket-allocator-block-count=8"
    "memorysetup-profiler-allocator-block-size=16777216"
    "memorysetup-profiler-editor-allocator-block-size=1048576"
    "memorysetup-temp-allocator-size-main=16777216"
    "memorysetup-job-temp-allocator-block-size=2097152"
    "memorysetup-job-temp-allocator-block-size-background=1048576"
    "memorysetup-job-temp-allocator-reduction-small-platforms=262144"
    "memorysetup-allocator-temp-initial-block-size-main=262144"
    "memorysetup-allocator-temp-initial-block-size-worker=262144"
    "memorysetup-temp-allocator-size-background-worker=32768"
    "memorysetup-temp-allocator-size-job-worker=262144"
    "memorysetup-temp-allocator-size-preload-manager=33554432"
    "memorysetup-temp-allocator-size-nav-mesh-worker=65536"
    "memorysetup-temp-allocator-size-audio-worker=65536"
    "memorysetup-temp-allocator-size-cloud-worker=32768"
    "memorysetup-temp-allocator-size-gi-baking-worker=262144"
    "memorysetup-temp-allocator-size-gi-baking-worker=262144"
    "memorysetup-temp-allocator-size-gi-baking-worker=262144"
    "memorysetup-temp-allocator-size-gi-baking-worker=262144"
    "memorysetup-temp-allocator-size-gi-baking-worker=262144"
    "memorysetup-temp-allocator-size-gfx=262144"
Player connection [54876]  Target information:

Player connection [54876]  * "[IP] 192.168.1.87 [Port] 0 [Flags] 2 [Guid] 2785960954 [EditorId] 2785960954 [Version] 1048832 [Id] WindowsEditor(7,LAPTOP-3687N656) [Debug] 1 [PackageName] WindowsEditor [ProjectName] Editor" 

Player connection [54876] Host joined multi-casting on [225.0.0.222:54997]...
Player connection [54876] Host joined alternative multi-casting on [225.0.0.222:34997]...
JobSystem: Creating JobQueue using job-worker-count value 11
Input System module state changed to: Initialized.
[Physics::Module] Initialized fallback backend.
[Physics::Module] Id: 0xdecafbad
Library Redirect Path: Library/
[Physics::Module] Selected backend.
[Physics::Module] Name: PhysX
[Physics::Module] Id: 0xf2b8ea05
[Physics::Module] SDK Version: 4.1.2
[Physics::Module] Integration Version: 1.0.0
[Physics::Module] Threading Mode: Multi-Threaded
Refreshing native plugins compatible for Editor in 1.36 ms, found 3 plugins.
Preloading 0 native plugins for Editor in 0.00 ms.
Initialize engine version: 6000.0.45f1 (d91bd3d4e081)
[Subsystems] Discovering subsystems at path C:/Program Files/Unity/Hub/Editor/6000.0.45f1/Editor/Data/Resources/UnitySubsystems
[Subsystems] Discovering subsystems at path C:/Users/melin/Desktop/Github/Juiciness/JuiceUp/Assets
GfxDevice: creating device client; kGfxThreadingModeNonThreaded
Direct3D:
    Version:  Direct3D 11.0 [level 11.1]
    Renderer: NVIDIA GeForce RTX 4070 Laptop GPU (ID=0x2860)
    Vendor:   NVIDIA
    VRAM:     7948 MB
    Driver:   32.0.15.6094
Initialize mono
Mono path[0] = 'C:/Program Files/Unity/Hub/Editor/6000.0.45f1/Editor/Data/Managed'
Mono path[1] = 'C:/Program Files/Unity/Hub/Editor/6000.0.45f1/Editor/Data/MonoBleedingEdge/lib/mono/unityjit-win32'
Mono config path = 'C:/Program Files/Unity/Hub/Editor/6000.0.45f1/Editor/Data/MonoBleedingEdge/etc'
Using monoOptions --debugger-agent=transport=dt_socket,embedding=1,server=y,suspend=n,address=127.0.0.1:56184
Begin MonoManager ReloadAssembly
Registering precompiled unity dll's ...
Register platform support module: C:/Program Files/Unity/Hub/Editor/6000.0.45f1/Editor/Data/PlaybackEngines/WindowsStandaloneSupport/UnityEditor.WindowsStandalone.Extensions.dll
Registered in 0.002813 seconds.
- Loaded All Assemblies, in  0.350 seconds
Native extension for WindowsStandalone target not found
Mono: successfully reloaded assembly
- Finished resetting the current domain, in  0.314 seconds
Domain Reload Profiling: 662ms
	BeginReloadAssembly (121ms)
		ExecutionOrderSort (0ms)
		DisableScriptedObjects (0ms)
		BackupInstance (0ms)
		ReleaseScriptingObjects (0ms)
		CreateAndSetChildDomain (1ms)
	RebuildCommonClasses (31ms)
	RebuildNativeTypeToScriptingClass (10ms)
	initialDomainReloadingComplete (43ms)
	LoadAllAssembliesAndSetupDomain (142ms)
		LoadAssemblies (119ms)
		RebuildTransferFunctionScriptingTraits (0ms)
		AnalyzeDomain (140ms)
			TypeCache.Refresh (137ms)
				TypeCache.ScanAssembly (125ms)
			BuildScriptInfoCaches (0ms)
			ResolveRequiredComponents (1ms)
	FinalizeReload (315ms)
		ReleaseScriptCaches (0ms)
		RebuildScriptCaches (0ms)
		SetupLoadedEditorAssemblies (280ms)
			LogAssemblyErrors (0ms)
			InitializePlatformSupportModulesInManaged (25ms)
			SetLoadedEditorAssemblies (5ms)
			BeforeProcessingInitializeOnLoad (47ms)
			ProcessInitializeOnLoadAttributes (153ms)
			ProcessInitializeOnLoadMethodAttributes (50ms)
			AfterProcessingInitializeOnLoad (0ms)
			EditorAssembliesLoaded (0ms)
		ExecutionOrderSort2 (0ms)
		AwakeInstancesAfterBackupRestoration (0ms)
========================================================================
Worker process is ready to serve import requests
Import Worker Mode flag is 0x00
Begin MonoManager ReloadAssembly
- Loaded All Assemblies, in  0.504 seconds
Refreshing native plugins compatible for Editor in 0.89 ms, found 3 plugins.
Native extension for WindowsStandalone target not found
Mono: successfully reloaded assembly
- Finished resetting the current domain, in  0.401 seconds
Domain Reload Profiling: 902ms
	BeginReloadAssembly (141ms)
		ExecutionOrderSort (0ms)
		DisableScriptedObjects (5ms)
		BackupInstance (0ms)
		ReleaseScriptingObjects (0ms)
		CreateAndSetChildDomain (29ms)
	RebuildCommonClasses (28ms)
	RebuildNativeTypeToScriptingClass (8ms)
	initialDomainReloadingComplete (28ms)
	LoadAllAssembliesAndSetupDomain (296ms)
		LoadAssemblies (260ms)
		RebuildTransferFunctionScriptingTraits (0ms)
		AnalyzeDomain (115ms)
			TypeCache.Refresh (90ms)
				TypeCache.ScanAssembly (79ms)
			BuildScriptInfoCaches (20ms)
			ResolveRequiredComponents (2ms)
	FinalizeReload (401ms)
		ReleaseScriptCaches (0ms)
		RebuildScriptCaches (0ms)
		SetupLoadedEditorAssemblies (325ms)
			LogAssemblyErrors (0ms)
			InitializePlatformSupportModulesInManaged (2ms)
			SetLoadedEditorAssemblies (3ms)
			BeforeProcessingInitializeOnLoad (69ms)
			ProcessInitializeOnLoadAttributes (218ms)
			ProcessInitializeOnLoadMethodAttributes (29ms)
			AfterProcessingInitializeOnLoad (4ms)
			EditorAssembliesLoaded (0ms)
		ExecutionOrderSort2 (0ms)
		AwakeInstancesAfterBackupRestoration (5ms)
Launched and connected shader compiler UnityShaderCompiler.exe after 0.01 seconds
Refreshing native plugins compatible for Editor in 1.70 ms, found 3 plugins.
Preloading 0 native plugins for Editor in 0.00 ms.
Unloading 18 Unused Serialized files (Serialized files now loaded: 0)
Unloading 2740 unused Assets / (0.8 MB). Loaded Objects now: 3239.
Memory consumption went from 82.8 MB to 82.0 MB.
Total: 6.393400 ms (FindLiveObjects: 0.360200 ms CreateObjectMapping: 0.162900 ms MarkObjects: 5.094600 ms  DeleteObjects: 0.774300 ms)

========================================================================
Received Import Request.
  Time since last request: 1446549.980042 seconds.
  path: Assets/Classic Legacy Pack - Village/Environment/Environment Tiles/Tiles_87.asset
  artifactKey: Guid(91ccdb9e5eb33a345958aa4022c3a730) Importer(815301076,1909f56bfc062723c751e8b465ee728b)
Start importing Assets/Classic Legacy Pack - Village/Environment/Environment Tiles/Tiles_87.asset using Guid(91ccdb9e5eb33a345958aa4022c3a730) Importer(815301076,1909f56bfc062723c751e8b465ee728b) (PreviewImporter) -> (artifact id: '1e40bf5aea8d5ea22761d0009dadd0b0') in 0.0906076 seconds
Number of updated asset objects reloaded before import = 0Number of asset objects unloaded after import = 3

========================================================================
Received Import Request.
  Time since last request: 0.000024 seconds.
  path: Assets/Classic Legacy Pack - Village/Environment/Environment Tiles/Tiles_99.asset
  artifactKey: Guid(bf3ca4fdff2e29a4182c9482240d8026) Importer(815301076,1909f56bfc062723c751e8b465ee728b)
Start importing Assets/Classic Legacy Pack - Village/Environment/Environment Tiles/Tiles_99.asset using Guid(bf3ca4fdff2e29a4182c9482240d8026) Importer(815301076,1909f56bfc062723c751e8b465ee728b) (PreviewImporter) -> (artifact id: '4f3f8cfc8a664ae3e4c79c0c1064d042') in 0.0050588 seconds
Number of updated asset objects reloaded before import = 0Number of asset objects unloaded after import = 3

========================================================================
Received Import Request.
  Time since last request: 0.034457 seconds.
  path: Assets/Classic Legacy Pack - Village/Environment/Environment Tiles/Tiles_101.asset
  artifactKey: Guid(e9e5ba2c66f820d4b9892ba7fc97e936) Importer(815301076,1909f56bfc062723c751e8b465ee728b)
Start importing Assets/Classic Legacy Pack - Village/Environment/Environment Tiles/Tiles_101.asset using Guid(e9e5ba2c66f820d4b9892ba7fc97e936) Importer(815301076,1909f56bfc062723c751e8b465ee728b) (PreviewImporter) -> (artifact id: '780a8151a14ed198596b9f32a05eeae9') in 0.0182747 seconds
Number of updated asset objects reloaded before import = 0Number of asset objects unloaded after import = 3

========================================================================
Received Import Request.
  Time since last request: 0.000095 seconds.
  path: Assets/Classic Legacy Pack - Village/Environment/Environment Tiles/Tiles_106.asset
  artifactKey: Guid(3bb3ca5b5a3358d469af50d3cfef32fc) Importer(815301076,1909f56bfc062723c751e8b465ee728b)
Start importing Assets/Classic Legacy Pack - Village/Environment/Environment Tiles/Tiles_106.asset using Guid(3bb3ca5b5a3358d469af50d3cfef32fc) Importer(815301076,1909f56bfc062723c751e8b465ee728b) (PreviewImporter) -> (artifact id: 'c91132b1b831c39bc364c5ed727d169c') in 0.0154974 seconds
Number of updated asset objects reloaded before import = 0Number of asset objects unloaded after import = 3

========================================================================
Received Import Request.
  Time since last request: 4.823439 seconds.
  path: Assets/Classic Legacy Pack - Village/Environment/Environment Tiles/Tiles_222.asset
  artifactKey: Guid(a3245bd7a7ba83444b9d44172cd579ad) Importer(815301076,1909f56bfc062723c751e8b465ee728b)
Start importing Assets/Classic Legacy Pack - Village/Environment/Environment Tiles/Tiles_222.asset using Guid(a3245bd7a7ba83444b9d44172cd579ad) Importer(815301076,1909f56bfc062723c751e8b465ee728b) (PreviewImporter) -> (artifact id: '5e5ab6ee3ebf55cf797c63d20e8cd672') in 0.0183627 seconds
Number of updated asset objects reloaded before import = 0Number of asset objects unloaded after import = 3

========================================================================
Received Import Request.
  Time since last request: 0.031087 seconds.
  path: Assets/Classic Legacy Pack - Village/Environment/Environment Tiles/Tiles_227.asset
  artifactKey: Guid(0621967a6ce021f4b85c0fa3c41f0868) Importer(815301076,1909f56bfc062723c751e8b465ee728b)
Start importing Assets/Classic Legacy Pack - Village/Environment/Environment Tiles/Tiles_227.asset using Guid(0621967a6ce021f4b85c0fa3c41f0868) Importer(815301076,1909f56bfc062723c751e8b465ee728b) (PreviewImporter) -> (artifact id: 'f7e264c9c0358252f9c10697186a884f') in 0.0148914 seconds
Number of updated asset objects reloaded before import = 0Number of asset objects unloaded after import = 3

========================================================================
Received Import Request.
  Time since last request: 0.000016 seconds.
  path: Assets/Classic Legacy Pack - Village/Environment/Environment Tiles/Tiles_233.asset
  artifactKey: Guid(52f996a88b7786d428f2cbf80bc6c21b) Importer(815301076,1909f56bfc062723c751e8b465ee728b)
Start importing Assets/Classic Legacy Pack - Village/Environment/Environment Tiles/Tiles_233.asset using Guid(52f996a88b7786d428f2cbf80bc6c21b) Importer(815301076,1909f56bfc062723c751e8b465ee728b) (PreviewImporter) -> (artifact id: 'de594dd8ffeb85141df708035d4df7aa') in 0.0182786 seconds
Number of updated asset objects reloaded before import = 0Number of asset objects unloaded after import = 3

========================================================================
Received Import Request.
  Time since last request: 0.044951 seconds.
  path: Assets/Classic Legacy Pack - Village/Environment/Environment Tiles/Tiles_236.asset
  artifactKey: Guid(3c51ebdf5b8c38646b2ded9123a69c6e) Importer(815301076,1909f56bfc062723c751e8b465ee728b)
Start importing Assets/Classic Legacy Pack - Village/Environment/Environment Tiles/Tiles_236.asset using Guid(3c51ebdf5b8c38646b2ded9123a69c6e) Importer(815301076,1909f56bfc062723c751e8b465ee728b) (PreviewImporter) -> (artifact id: '83f21a06961655342fa4d228135ebc65') in 0.0160652 seconds
Number of updated asset objects reloaded before import = 0Number of asset objects unloaded after import = 3

========================================================================
Received Import Request.
  Time since last request: 0.000016 seconds.
  path: Assets/Classic Legacy Pack - Village/Environment/Environment Tiles/Tiles_241.asset
  artifactKey: Guid(e42757a2b05893a428ac3685c0b22cb7) Importer(815301076,1909f56bfc062723c751e8b465ee728b)
Start importing Assets/Classic Legacy Pack - Village/Environment/Environment Tiles/Tiles_241.asset using Guid(e42757a2b05893a428ac3685c0b22cb7) Importer(815301076,1909f56bfc062723c751e8b465ee728b) (PreviewImporter) -> (artifact id: '326b41cc23ce5ced0a8fa52571a1ae76') in 0.0144898 seconds
Number of updated asset objects reloaded before import = 0Number of asset objects unloaded after import = 3

========================================================================
Received Import Request.
  Time since last request: 0.321943 seconds.
  path: Assets/Classic Legacy Pack - Village/Environment/Environment Tiles/Tiles_245.asset
  artifactKey: Guid(78647aa9fae31ee4dbb2afb0ff937ea1) Importer(815301076,1909f56bfc062723c751e8b465ee728b)
Start importing Assets/Classic Legacy Pack - Village/Environment/Environment Tiles/Tiles_245.asset using Guid(78647aa9fae31ee4dbb2afb0ff937ea1) Importer(815301076,1909f56bfc062723c751e8b465ee728b) (PreviewImporter) -> (artifact id: '8226d967c12ac52f75882061f6a8f9f5') in 0.0161454 seconds
Number of updated asset objects reloaded before import = 0Number of asset objects unloaded after import = 3

========================================================================
Received Import Request.
  Time since last request: 0.000022 seconds.
  path: Assets/Classic Legacy Pack - Village/Environment/Environment Tiles/Tiles_251.asset
  artifactKey: Guid(ed09ce49f7255ef419ece127f1a30540) Importer(815301076,1909f56bfc062723c751e8b465ee728b)
Start importing Assets/Classic Legacy Pack - Village/Environment/Environment Tiles/Tiles_251.asset using Guid(ed09ce49f7255ef419ece127f1a30540) Importer(815301076,1909f56bfc062723c751e8b465ee728b) (PreviewImporter) -> (artifact id: '6db3cc4914e36eab8664cd8cd4be0186') in 0.0248808 seconds
Number of updated asset objects reloaded before import = 0Number of asset objects unloaded after import = 3

========================================================================
Received Import Request.
  Time since last request: 0.028467 seconds.
  path: Assets/Classic Legacy Pack - Village/Environment/Environment Tiles/Tiles_254.asset
  artifactKey: Guid(ea8ce70f60c8ee44099544781a4bd638) Importer(815301076,1909f56bfc062723c751e8b465ee728b)
Start importing Assets/Classic Legacy Pack - Village/Environment/Environment Tiles/Tiles_254.asset using Guid(ea8ce70f60c8ee44099544781a4bd638) Importer(815301076,1909f56bfc062723c751e8b465ee728b) (PreviewImporter) -> (artifact id: '8a68d5e9b7a6edf02b32de3cfd61372e') in 0.0167714 seconds
Number of updated asset objects reloaded before import = 0Number of asset objects unloaded after import = 3

========================================================================
Received Import Request.
  Time since last request: 0.081156 seconds.
  path: Assets/Classic Legacy Pack - Village/Environment/Environment Tiles/Tiles_263.asset
  artifactKey: Guid(8fb6c6dc56e6e1c48a0613faace75c91) Importer(815301076,1909f56bfc062723c751e8b465ee728b)
Start importing Assets/Classic Legacy Pack - Village/Environment/Environment Tiles/Tiles_263.asset using Guid(8fb6c6dc56e6e1c48a0613faace75c91) Importer(815301076,1909f56bfc062723c751e8b465ee728b) (PreviewImporter) -> (artifact id: '874e8a57e6b7cdca9ed6bbf4b80973ee') in 0.0153971 seconds
Number of updated asset objects reloaded before import = 0Number of asset objects unloaded after import = 3

========================================================================
Received Import Request.
  Time since last request: 0.000017 seconds.
  path: Assets/Classic Legacy Pack - Village/Environment/Environment Tiles/Tiles_269.asset
  artifactKey: Guid(488374740596cd84dbf637da06011ae8) Importer(815301076,1909f56bfc062723c751e8b465ee728b)
Start importing Assets/Classic Legacy Pack - Village/Environment/Environment Tiles/Tiles_269.asset using Guid(488374740596cd84dbf637da06011ae8) Importer(815301076,1909f56bfc062723c751e8b465ee728b) (PreviewImporter) -> (artifact id: '1d4af30ce116a88386ddd6c1e7f5f4ec') in 0.0196149 seconds
Number of updated asset objects reloaded before import = 0Number of asset objects unloaded after import = 3

========================================================================
Received Import Request.
  Time since last request: 0.428757 seconds.
  path: Assets/Classic Legacy Pack - Village/Environment/Environment Tiles/Tiles_272.asset
  artifactKey: Guid(555425d86ce00a840bc433fce1e3c144) Importer(815301076,1909f56bfc062723c751e8b465ee728b)
Start importing Assets/Classic Legacy Pack - Village/Environment/Environment Tiles/Tiles_272.asset using Guid(555425d86ce00a840bc433fce1e3c144) Importer(815301076,1909f56bfc062723c751e8b465ee728b) (PreviewImporter) -> (artifact id: 'eb0d6fd91cbfa0375f4891e9f5f86ae2') in 0.0189983 seconds
Number of updated asset objects reloaded before import = 0Number of asset objects unloaded after import = 3

========================================================================
Received Import Request.
  Time since last request: 0.000016 seconds.
  path: Assets/Classic Legacy Pack - Village/Environment/Environment Tiles/Tiles_279.asset
  artifactKey: Guid(334e382751acb2c4dbae16430a9fe322) Importer(815301076,1909f56bfc062723c751e8b465ee728b)
Start importing Assets/Classic Legacy Pack - Village/Environment/Environment Tiles/Tiles_279.asset using Guid(334e382751acb2c4dbae16430a9fe322) Importer(815301076,1909f56bfc062723c751e8b465ee728b) (PreviewImporter) -> (artifact id: '76a485c826bcac0978826f16271f5586') in 0.0171275 seconds
Number of updated asset objects reloaded before import = 0Number of asset objects unloaded after import = 3

========================================================================
Received Import Request.
  Time since last request: 0.054443 seconds.
  path: Assets/Classic Legacy Pack - Village/Environment/Environment Tiles/Tiles_281.asset
  artifactKey: Guid(8efbef73cc45d444eb617ef189639acd) Importer(815301076,1909f56bfc062723c751e8b465ee728b)
Start importing Assets/Classic Legacy Pack - Village/Environment/Environment Tiles/Tiles_281.asset using Guid(8efbef73cc45d444eb617ef189639acd) Importer(815301076,1909f56bfc062723c751e8b465ee728b) (PreviewImporter) -> (artifact id: '423edbbb2e35e6072ade23b7e324b7a0') in 0.0057552 seconds
Number of updated asset objects reloaded before import = 0Number of asset objects unloaded after import = 3

========================================================================
Received Import Request.
  Time since last request: 0.000016 seconds.
  path: Assets/Classic Legacy Pack - Village/Environment/Environment Tiles/Tiles_286.asset
  artifactKey: Guid(8880f11edc5d2714b838734115a24884) Importer(815301076,1909f56bfc062723c751e8b465ee728b)
Start importing Assets/Classic Legacy Pack - Village/Environment/Environment Tiles/Tiles_286.asset using Guid(8880f11edc5d2714b838734115a24884) Importer(815301076,1909f56bfc062723c751e8b465ee728b) (PreviewImporter) -> (artifact id: 'a09921cdf2f4b39a3ae61d68680220ec') in 0.0138614 seconds
Number of updated asset objects reloaded before import = 0Number of asset objects unloaded after import = 3

========================================================================
Received Import Request.
  Time since last request: 0.462436 seconds.
  path: Assets/Classic Legacy Pack - Village/Environment/Environment Tiles/Tiles_290.asset
  artifactKey: Guid(2d28ed4f6ef7fa34d8654caaac0a2b37) Importer(815301076,1909f56bfc062723c751e8b465ee728b)
Start importing Assets/Classic Legacy Pack - Village/Environment/Environment Tiles/Tiles_290.asset using Guid(2d28ed4f6ef7fa34d8654caaac0a2b37) Importer(815301076,1909f56bfc062723c751e8b465ee728b) (PreviewImporter) -> (artifact id: 'aca58dcf08e38d73313ee6a72a6f9dab') in 0.0177862 seconds
Number of updated asset objects reloaded before import = 0Number of asset objects unloaded after import = 3

========================================================================
Received Import Request.
  Time since last request: 0.000035 seconds.
  path: Assets/Classic Legacy Pack - Village/Environment/Environment Tiles/Tiles_296.asset
  artifactKey: Guid(c0abed3658eb6314098602c053b53003) Importer(815301076,1909f56bfc062723c751e8b465ee728b)
Start importing Assets/Classic Legacy Pack - Village/Environment/Environment Tiles/Tiles_296.asset using Guid(c0abed3658eb6314098602c053b53003) Importer(815301076,1909f56bfc062723c751e8b465ee728b) (PreviewImporter) -> (artifact id: '782eb78a24fcf23f3125e350527977a4') in 0.0152192 seconds
Number of updated asset objects reloaded before import = 0Number of asset objects unloaded after import = 3

========================================================================
Received Import Request.
  Time since last request: 0.038759 seconds.
  path: Assets/Classic Legacy Pack - Village/Environment/Environment Tiles/Tiles_299.asset
  artifactKey: Guid(5027179b766c7aa40a269e1c690895f4) Importer(815301076,1909f56bfc062723c751e8b465ee728b)
Start importing Assets/Classic Legacy Pack - Village/Environment/Environment Tiles/Tiles_299.asset using Guid(5027179b766c7aa40a269e1c690895f4) Importer(815301076,1909f56bfc062723c751e8b465ee728b) (PreviewImporter) -> (artifact id: '427d94db34facef84e42afbdeefa1a9c') in 0.0163965 seconds
Number of updated asset objects reloaded before import = 0Number of asset objects unloaded after import = 3

========================================================================
Received Import Request.
  Time since last request: 0.321925 seconds.
  path: Assets/Classic Legacy Pack - Village/Environment/Environment Tiles/Tiles_308.asset
  artifactKey: Guid(bf8fae845de01904580819c51884ec77) Importer(815301076,1909f56bfc062723c751e8b465ee728b)
Start importing Assets/Classic Legacy Pack - Village/Environment/Environment Tiles/Tiles_308.asset using Guid(bf8fae845de01904580819c51884ec77) Importer(815301076,1909f56bfc062723c751e8b465ee728b) (PreviewImporter) -> (artifact id: '8cfc7d8f76f9387b4a871294b7d23a49') in 0.0153043 seconds
Number of updated asset objects reloaded before import = 0Number of asset objects unloaded after import = 3

========================================================================
Received Import Request.
  Time since last request: 0.000015 seconds.
  path: Assets/Classic Legacy Pack - Village/Environment/Environment Tiles/Tiles_312.asset
  artifactKey: Guid(9f4c45887c1cdfe4c988c3f25b40b4bf) Importer(815301076,1909f56bfc062723c751e8b465ee728b)
Start importing Assets/Classic Legacy Pack - Village/Environment/Environment Tiles/Tiles_312.asset using Guid(9f4c45887c1cdfe4c988c3f25b40b4bf) Importer(815301076,1909f56bfc062723c751e8b465ee728b) (PreviewImporter) -> (artifact id: '3df60ded839348a320a5be426e1519ec') in 0.0160158 seconds
Number of updated asset objects reloaded before import = 0Number of asset objects unloaded after import = 3

========================================================================
Received Import Request.
  Time since last request: 0.027936 seconds.
  path: Assets/Classic Legacy Pack - Village/Environment/Environment Tiles/Tiles_317.asset
  artifactKey: Guid(dc9b28a18096e674aaeb1bb7b0156681) Importer(815301076,1909f56bfc062723c751e8b465ee728b)
Start importing Assets/Classic Legacy Pack - Village/Environment/Environment Tiles/Tiles_317.asset using Guid(dc9b28a18096e674aaeb1bb7b0156681) Importer(815301076,1909f56bfc062723c751e8b465ee728b) (PreviewImporter) -> (artifact id: 'df348277441243a1bb6caedec37b1f97') in 0.0168077 seconds
Number of updated asset objects reloaded before import = 0Number of asset objects unloaded after import = 3

========================================================================
Received Import Request.
  Time since last request: 0.000178 seconds.
  path: Assets/Classic Legacy Pack - Village/Environment/Environment Tiles/Tiles_322.asset
  artifactKey: Guid(9357a15b3f21fad4d98d91a3b9c6fc6a) Importer(815301076,1909f56bfc062723c751e8b465ee728b)
Start importing Assets/Classic Legacy Pack - Village/Environment/Environment Tiles/Tiles_322.asset using Guid(9357a15b3f21fad4d98d91a3b9c6fc6a) Importer(815301076,1909f56bfc062723c751e8b465ee728b) (PreviewImporter) -> (artifact id: '9b12cfba03b71f35ddc2e07d954d11d4') in 0.015467 seconds
Number of updated asset objects reloaded before import = 0Number of asset objects unloaded after import = 3

========================================================================
Received Import Request.
  Time since last request: 0.032431 seconds.
  path: Assets/Classic Legacy Pack - Village/Environment/Environment Tiles/Tiles_326.asset
  artifactKey: Guid(9e0c4fd3aaea38541a8d5692b179c549) Importer(815301076,1909f56bfc062723c751e8b465ee728b)
Start importing Assets/Classic Legacy Pack - Village/Environment/Environment Tiles/Tiles_326.asset using Guid(9e0c4fd3aaea38541a8d5692b179c549) Importer(815301076,1909f56bfc062723c751e8b465ee728b) (PreviewImporter) -> (artifact id: '573ea9c65768ef726066541e9a5a1810') in 0.0176119 seconds
Number of updated asset objects reloaded before import = 0Number of asset objects unloaded after import = 3

========================================================================
Received Import Request.
  Time since last request: 0.000018 seconds.
  path: Assets/Classic Legacy Pack - Village/Environment/Environment Tiles/Tiles_333.asset
  artifactKey: Guid(f07de453665d8df4e92df2ae8b486b6d) Importer(815301076,1909f56bfc062723c751e8b465ee728b)
Start importing Assets/Classic Legacy Pack - Village/Environment/Environment Tiles/Tiles_333.asset using Guid(f07de453665d8df4e92df2ae8b486b6d) Importer(815301076,1909f56bfc062723c751e8b465ee728b) (PreviewImporter) -> (artifact id: '673da637b8e5cca909db9395117acfa5') in 0.017883 seconds
Number of updated asset objects reloaded before import = 0Number of asset objects unloaded after import = 3

========================================================================
Received Import Request.
  Time since last request: 0.275602 seconds.
  path: Assets/Classic Legacy Pack - Village/Environment/Environment Tiles/Tiles_335.asset
  artifactKey: Guid(9a4bc49419625a64db984caa384a0f3e) Importer(815301076,1909f56bfc062723c751e8b465ee728b)
Start importing Assets/Classic Legacy Pack - Village/Environment/Environment Tiles/Tiles_335.asset using Guid(9a4bc49419625a64db984caa384a0f3e) Importer(815301076,1909f56bfc062723c751e8b465ee728b) (PreviewImporter) -> (artifact id: '2f2182e0635e9e4ed2948ba71da9f85a') in 0.0167818 seconds
Number of updated asset objects reloaded before import = 0Number of asset objects unloaded after import = 3

========================================================================
Received Import Request.
  Time since last request: 0.000018 seconds.
  path: Assets/Classic Legacy Pack - Village/Environment/Environment Tiles/Tiles_341.asset
  artifactKey: Guid(1f015b2516a8c0845ae150a0df140398) Importer(815301076,1909f56bfc062723c751e8b465ee728b)
Start importing Assets/Classic Legacy Pack - Village/Environment/Environment Tiles/Tiles_341.asset using Guid(1f015b2516a8c0845ae150a0df140398) Importer(815301076,1909f56bfc062723c751e8b465ee728b) (PreviewImporter) -> (artifact id: '5c8a9cadaa32da7b27353401bd1e92cb') in 0.0174626 seconds
Number of updated asset objects reloaded before import = 0Number of asset objects unloaded after import = 3

========================================================================
Received Import Request.
  Time since last request: 0.012348 seconds.
  path: Assets/Classic Legacy Pack - Village/Environment/Environment Tiles/Tiles_344.asset
  artifactKey: Guid(14f53420bc4a21c4eac34f614a83f0ef) Importer(815301076,1909f56bfc062723c751e8b465ee728b)
Start importing Assets/Classic Legacy Pack - Village/Environment/Environment Tiles/Tiles_344.asset using Guid(14f53420bc4a21c4eac34f614a83f0ef) Importer(815301076,1909f56bfc062723c751e8b465ee728b) (PreviewImporter) -> (artifact id: '100e7ac5be63d7075145f3d1c65be489') in 0.0253206 seconds
Number of updated asset objects reloaded before import = 0Number of asset objects unloaded after import = 3

========================================================================
Received Import Request.
  Time since last request: 0.018616 seconds.
  path: Assets/Classic Legacy Pack - Village/Environment/Environment Tiles/Tiles_353.asset
  artifactKey: Guid(16d2b96bf0397e6429a79fa081549ca7) Importer(815301076,1909f56bfc062723c751e8b465ee728b)
Start importing Assets/Classic Legacy Pack - Village/Environment/Environment Tiles/Tiles_353.asset using Guid(16d2b96bf0397e6429a79fa081549ca7) Importer(815301076,1909f56bfc062723c751e8b465ee728b) (PreviewImporter) -> (artifact id: 'fd00e22da804cf942c071469253d8b77') in 0.0158632 seconds
Number of updated asset objects reloaded before import = 0Number of asset objects unloaded after import = 3

========================================================================
Received Import Request.
  Time since last request: 0.000115 seconds.
  path: Assets/Classic Legacy Pack - Village/Environment/Environment Tiles/Tiles_359.asset
  artifactKey: Guid(c5741f8ca6045ad458e2a8a88cf41402) Importer(815301076,1909f56bfc062723c751e8b465ee728b)
Start importing Assets/Classic Legacy Pack - Village/Environment/Environment Tiles/Tiles_359.asset using Guid(c5741f8ca6045ad458e2a8a88cf41402) Importer(815301076,1909f56bfc062723c751e8b465ee728b) (PreviewImporter) -> (artifact id: '1bae7be6949f0bbac7430b97c1bd2e11') in 0.0151299 seconds
Number of updated asset objects reloaded before import = 0Number of asset objects unloaded after import = 3

========================================================================
Received Import Request.
  Time since last request: 0.031025 seconds.
  path: Assets/Classic Legacy Pack - Village/Environment/Environment Tiles/Tiles_362.asset
  artifactKey: Guid(a7df658b042b9a1409ea4e35b408c8ed) Importer(815301076,1909f56bfc062723c751e8b465ee728b)
Start importing Assets/Classic Legacy Pack - Village/Environment/Environment Tiles/Tiles_362.asset using Guid(a7df658b042b9a1409ea4e35b408c8ed) Importer(815301076,1909f56bfc062723c751e8b465ee728b) (PreviewImporter) -> (artifact id: 'bf73208880af2cb02d299d38bcef6ee1') in 0.01473 seconds
Number of updated asset objects reloaded before import = 0Number of asset objects unloaded after import = 3

========================================================================
Received Import Request.
  Time since last request: 0.000015 seconds.
  path: Assets/Classic Legacy Pack - Village/Environment/Environment Tiles/Tiles_368.asset
  artifactKey: Guid(4033c604f55249847a621605658c4751) Importer(815301076,1909f56bfc062723c751e8b465ee728b)
Start importing Assets/Classic Legacy Pack - Village/Environment/Environment Tiles/Tiles_368.asset using Guid(4033c604f55249847a621605658c4751) Importer(815301076,1909f56bfc062723c751e8b465ee728b) (PreviewImporter) -> (artifact id: '94f01bbccfd1d30f4e151853680a943d') in 0.0170993 seconds
Number of updated asset objects reloaded before import = 0Number of asset objects unloaded after import = 3

========================================================================
Received Import Request.
  Time since last request: 0.312114 seconds.
  path: Assets/Classic Legacy Pack - Village/Environment/Environment Tiles/Tiles_371.asset
  artifactKey: Guid(3e9b7198299a4bc4fbd81d083fe8ef02) Importer(815301076,1909f56bfc062723c751e8b465ee728b)
Start importing Assets/Classic Legacy Pack - Village/Environment/Environment Tiles/Tiles_371.asset using Guid(3e9b7198299a4bc4fbd81d083fe8ef02) Importer(815301076,1909f56bfc062723c751e8b465ee728b) (PreviewImporter) -> (artifact id: '88db8240905f8b803a92654d34c98195') in 0.0053218 seconds
Number of updated asset objects reloaded before import = 0Number of asset objects unloaded after import = 3

========================================================================
Received Import Request.
  Time since last request: 0.000073 seconds.
  path: Assets/Classic Legacy Pack - Village/Environment/Environment Tiles/Tiles_375.asset
  artifactKey: Guid(93130d14342026143ad3e1d3b172f84c) Importer(815301076,1909f56bfc062723c751e8b465ee728b)
Start importing Assets/Classic Legacy Pack - Village/Environment/Environment Tiles/Tiles_375.asset using Guid(93130d14342026143ad3e1d3b172f84c) Importer(815301076,1909f56bfc062723c751e8b465ee728b) (PreviewImporter) -> (artifact id: '5efc39bc8e3b63b3eef5b9290648f7b0') in 0.0149339 seconds
Number of updated asset objects reloaded before import = 0Number of asset objects unloaded after import = 3

========================================================================
Received Import Request.
  Time since last request: 1.146212 seconds.
  path: Assets/Classic Legacy Pack - Village/Environment/Environment Tiles/Tiles_380.asset
  artifactKey: Guid(3ccb78aae4111cf4c815ef3b00a12b02) Importer(815301076,1909f56bfc062723c751e8b465ee728b)
Start importing Assets/Classic Legacy Pack - Village/Environment/Environment Tiles/Tiles_380.asset using Guid(3ccb78aae4111cf4c815ef3b00a12b02) Importer(815301076,1909f56bfc062723c751e8b465ee728b) (PreviewImporter) -> (artifact id: '20c2279b5a0863086cd8042466da1a09') in 0.0259461 seconds
Number of updated asset objects reloaded before import = 0Number of asset objects unloaded after import = 3

========================================================================
Received Import Request.
  Time since last request: 0.066371 seconds.
  path: Assets/Classic Legacy Pack - Village/Environment/Environment Tiles/Tiles_389.asset
  artifactKey: Guid(b161cc8042f2359418407fd9a7466ef4) Importer(815301076,1909f56bfc062723c751e8b465ee728b)
Start importing Assets/Classic Legacy Pack - Village/Environment/Environment Tiles/Tiles_389.asset using Guid(b161cc8042f2359418407fd9a7466ef4) Importer(815301076,1909f56bfc062723c751e8b465ee728b) (PreviewImporter) -> (artifact id: 'd3391d0a41e6a9964c1d3c2c03b3961f') in 0.0137688 seconds
Number of updated asset objects reloaded before import = 0Number of asset objects unloaded after import = 3

========================================================================
Received Import Request.
  Time since last request: 0.000015 seconds.
  path: Assets/Classic Legacy Pack - Village/Environment/Environment Tiles/Tiles_395.asset
  artifactKey: Guid(e6870b6e0f7addf46abd23c173d250bf) Importer(815301076,1909f56bfc062723c751e8b465ee728b)
Start importing Assets/Classic Legacy Pack - Village/Environment/Environment Tiles/Tiles_395.asset using Guid(e6870b6e0f7addf46abd23c173d250bf) Importer(815301076,1909f56bfc062723c751e8b465ee728b) (PreviewImporter) -> (artifact id: 'c98da35dd18030e4c1ca912634b3226c') in 0.0120152 seconds
Number of updated asset objects reloaded before import = 0Number of asset objects unloaded after import = 3

========================================================================
Received Import Request.
  Time since last request: 12.368193 seconds.
  path: Assets/Classic Legacy Pack - Village/Environment/Environment Tiles/Tiles_398.asset
  artifactKey: Guid(772e1aeef78d78d479e4515901356a30) Importer(815301076,1909f56bfc062723c751e8b465ee728b)
Start importing Assets/Classic Legacy Pack - Village/Environment/Environment Tiles/Tiles_398.asset using Guid(772e1aeef78d78d479e4515901356a30) Importer(815301076,1909f56bfc062723c751e8b465ee728b) (PreviewImporter) -> (artifact id: '89b0e2eca7929c850f3853c3bb475e6f') in 0.0250008 seconds
Number of updated asset objects reloaded before import = 0Number of asset objects unloaded after import = 3

========================================================================
Received Import Request.
  Time since last request: 0.022986 seconds.
  path: Assets/Classic Legacy Pack - Village/Environment/Environment Tiles/Tiles_407.asset
  artifactKey: Guid(f8bf6db257c3d3148914718bb2a4c345) Importer(815301076,1909f56bfc062723c751e8b465ee728b)
Start importing Assets/Classic Legacy Pack - Village/Environment/Environment Tiles/Tiles_407.asset using Guid(f8bf6db257c3d3148914718bb2a4c345) Importer(815301076,1909f56bfc062723c751e8b465ee728b) (PreviewImporter) -> (artifact id: 'b96616f6eeeda544e49ffa2237840eb2') in 0.0171048 seconds
Number of updated asset objects reloaded before import = 0Number of asset objects unloaded after import = 3

========================================================================
Received Import Request.
  Time since last request: 0.000019 seconds.
  path: Assets/Classic Legacy Pack - Village/Environment/Environment Tiles/Tiles_412.asset
  artifactKey: Guid(dc9acda64d4f65a47b0c1d9edf4ad4e1) Importer(815301076,1909f56bfc062723c751e8b465ee728b)
Start importing Assets/Classic Legacy Pack - Village/Environment/Environment Tiles/Tiles_412.asset using Guid(dc9acda64d4f65a47b0c1d9edf4ad4e1) Importer(815301076,1909f56bfc062723c751e8b465ee728b) (PreviewImporter) -> (artifact id: '1432b458bfafd2947c0e894ed6d7dd17') in 0.0208477 seconds
Number of updated asset objects reloaded before import = 0Number of asset objects unloaded after import = 3

========================================================================
Received Import Request.
  Time since last request: 0.000017 seconds.
  path: Assets/Classic Legacy Pack - Village/Environment/Environment Tiles/Tiles_420.asset
  artifactKey: Guid(1dec283706431d24686116931e3b8e92) Importer(815301076,1909f56bfc062723c751e8b465ee728b)
Start importing Assets/Classic Legacy Pack - Village/Environment/Environment Tiles/Tiles_420.asset using Guid(1dec283706431d24686116931e3b8e92) Importer(815301076,1909f56bfc062723c751e8b465ee728b) (PreviewImporter) -> (artifact id: 'b9788e807755145dc714783d6ecb10b6') in 0.0157433 seconds
Number of updated asset objects reloaded before import = 0Number of asset objects unloaded after import = 3

========================================================================
Received Import Request.
  Time since last request: 0.004259 seconds.
  path: Assets/Classic Legacy Pack - Village/Environment/Environment Tiles/Tiles_424.asset
  artifactKey: Guid(e6fa1ed099d2a954ab7e4cf9ffe100e0) Importer(815301076,1909f56bfc062723c751e8b465ee728b)
Start importing Assets/Classic Legacy Pack - Village/Environment/Environment Tiles/Tiles_424.asset using Guid(e6fa1ed099d2a954ab7e4cf9ffe100e0) Importer(815301076,1909f56bfc062723c751e8b465ee728b) (PreviewImporter) -> (artifact id: '99940cd823b7e806491b62f14cd3ffe1') in 0.0145894 seconds
Number of updated asset objects reloaded before import = 0Number of asset objects unloaded after import = 3

Editor requested this worker to shutdown with reason: Scaling down because of idle timeout
AssetImportWorker is now disconnected from the server
Process exiting
Exiting without the bug reporter. Application will terminate with return code 0